<?xml version="1.0" encoding="UTF-8"?>
<testsuite xmlns:xsi="http://www.w3.org/2001/XMLSchema-instance" xsi:noNamespaceSchemaLocation="https://maven.apache.org/surefire/maven-surefire-plugin/xsd/surefire-test-report.xsd" name="unitarios.modeloTest.EstadoConfundidoTest" time="0.16" tests="5" errors="0" skipped="0" failures="0">
  <properties>
    <property name="java.specification.version" value="17"/>
    <property name="sun.jnu.encoding" value="UTF-8"/>
    <property name="java.class.path" value="/home/emilia/Desktop/Algo3/TP/algo3-tp/Pokemon/target/test-classes:/home/emilia/Desktop/Algo3/TP/algo3-tp/Pokemon/target/classes:/home/emilia/.m2/repository/org/jline/jline/3.23.0/jline-3.23.0.jar:/home/emilia/.m2/repository/org/junit/jupiter/junit-jupiter/5.8.2/junit-jupiter-5.8.2.jar:/home/emilia/.m2/repository/org/junit/jupiter/junit-jupiter-api/5.8.2/junit-jupiter-api-5.8.2.jar:/home/emilia/.m2/repository/org/opentest4j/opentest4j/1.2.0/opentest4j-1.2.0.jar:/home/emilia/.m2/repository/org/junit/platform/junit-platform-commons/1.8.2/junit-platform-commons-1.8.2.jar:/home/emilia/.m2/repository/org/apiguardian/apiguardian-api/1.1.2/apiguardian-api-1.1.2.jar:/home/emilia/.m2/repository/org/junit/jupiter/junit-jupiter-params/5.8.2/junit-jupiter-params-5.8.2.jar:/home/emilia/.m2/repository/org/junit/jupiter/junit-jupiter-engine/5.8.2/junit-jupiter-engine-5.8.2.jar:/home/emilia/.m2/repository/org/junit/platform/junit-platform-engine/1.8.2/junit-platform-engine-1.8.2.jar:/home/emilia/.m2/repository/org/mockito/mockito-core/5.4.0/mockito-core-5.4.0.jar:/home/emilia/.m2/repository/net/bytebuddy/byte-buddy/1.14.5/byte-buddy-1.14.5.jar:/home/emilia/.m2/repository/net/bytebuddy/byte-buddy-agent/1.14.5/byte-buddy-agent-1.14.5.jar:/home/emilia/.m2/repository/org/objenesis/objenesis/3.3/objenesis-3.3.jar:/home/emilia/.m2/repository/com/fasterxml/jackson/core/jackson-core/2.12.4/jackson-core-2.12.4.jar:/home/emilia/.m2/repository/com/fasterxml/jackson/core/jackson-annotations/2.12.4/jackson-annotations-2.12.4.jar:/home/emilia/.m2/repository/com/fasterxml/jackson/core/jackson-databind/2.12.7.1/jackson-databind-2.12.7.1.jar:/home/emilia/.m2/repository/org/openjfx/javafx-controls/17.0.2/javafx-controls-17.0.2.jar:/home/emilia/.m2/repository/org/openjfx/javafx-controls/17.0.2/javafx-controls-17.0.2-linux.jar:/home/emilia/.m2/repository/org/openjfx/javafx-graphics/17.0.2/javafx-graphics-17.0.2.jar:/home/emilia/.m2/repository/org/openjfx/javafx-graphics/17.0.2/javafx-graphics-17.0.2-linux.jar:/home/emilia/.m2/repository/org/openjfx/javafx-base/17.0.2/javafx-base-17.0.2.jar:/home/emilia/.m2/repository/org/openjfx/javafx-base/17.0.2/javafx-base-17.0.2-linux.jar:/home/emilia/.m2/repository/org/openjfx/javafx-fxml/17.0.2/javafx-fxml-17.0.2.jar:/home/emilia/.m2/repository/org/openjfx/javafx-fxml/17.0.2/javafx-fxml-17.0.2-linux.jar:/home/emilia/.m2/repository/org/controlsfx/controlsfx/11.1.1/controlsfx-11.1.1.jar:"/>
    <property name="java.vm.vendor" value="Private Build"/>
    <property name="sun.arch.data.model" value="64"/>
    <property name="java.vendor.url" value="Unknown"/>
    <property name="os.name" value="Linux"/>
    <property name="java.vm.specification.version" value="17"/>
    <property name="sun.java.launcher" value="SUN_STANDARD"/>
    <property name="user.country" value="US"/>
    <property name="sun.boot.library.path" value="/usr/lib/jvm/java-17-openjdk-amd64/lib"/>
    <property name="sun.java.command" value="/home/emilia/Desktop/Algo3/TP/algo3-tp/Pokemon/target/surefire/surefirebooter5776097494243301777.jar /home/emilia/Desktop/Algo3/TP/algo3-tp/Pokemon/target/surefire 2023-11-21T12-02-41_870-jvmRun1 surefire2880185053260060746tmp surefire_013418557930991854103tmp"/>
    <property name="jdk.debug" value="release"/>
    <property name="surefire.test.class.path" value="/home/emilia/Desktop/Algo3/TP/algo3-tp/Pokemon/target/test-classes:/home/emilia/Desktop/Algo3/TP/algo3-tp/Pokemon/target/classes:/home/emilia/.m2/repository/org/jline/jline/3.23.0/jline-3.23.0.jar:/home/emilia/.m2/repository/org/junit/jupiter/junit-jupiter/5.8.2/junit-jupiter-5.8.2.jar:/home/emilia/.m2/repository/org/junit/jupiter/junit-jupiter-api/5.8.2/junit-jupiter-api-5.8.2.jar:/home/emilia/.m2/repository/org/opentest4j/opentest4j/1.2.0/opentest4j-1.2.0.jar:/home/emilia/.m2/repository/org/junit/platform/junit-platform-commons/1.8.2/junit-platform-commons-1.8.2.jar:/home/emilia/.m2/repository/org/apiguardian/apiguardian-api/1.1.2/apiguardian-api-1.1.2.jar:/home/emilia/.m2/repository/org/junit/jupiter/junit-jupiter-params/5.8.2/junit-jupiter-params-5.8.2.jar:/home/emilia/.m2/repository/org/junit/jupiter/junit-jupiter-engine/5.8.2/junit-jupiter-engine-5.8.2.jar:/home/emilia/.m2/repository/org/junit/platform/junit-platform-engine/1.8.2/junit-platform-engine-1.8.2.jar:/home/emilia/.m2/repository/org/mockito/mockito-core/5.4.0/mockito-core-5.4.0.jar:/home/emilia/.m2/repository/net/bytebuddy/byte-buddy/1.14.5/byte-buddy-1.14.5.jar:/home/emilia/.m2/repository/net/bytebuddy/byte-buddy-agent/1.14.5/byte-buddy-agent-1.14.5.jar:/home/emilia/.m2/repository/org/objenesis/objenesis/3.3/objenesis-3.3.jar:/home/emilia/.m2/repository/com/fasterxml/jackson/core/jackson-core/2.12.4/jackson-core-2.12.4.jar:/home/emilia/.m2/repository/com/fasterxml/jackson/core/jackson-annotations/2.12.4/jackson-annotations-2.12.4.jar:/home/emilia/.m2/repository/com/fasterxml/jackson/core/jackson-databind/2.12.7.1/jackson-databind-2.12.7.1.jar:/home/emilia/.m2/repository/org/openjfx/javafx-controls/17.0.2/javafx-controls-17.0.2.jar:/home/emilia/.m2/repository/org/openjfx/javafx-controls/17.0.2/javafx-controls-17.0.2-linux.jar:/home/emilia/.m2/repository/org/openjfx/javafx-graphics/17.0.2/javafx-graphics-17.0.2.jar:/home/emilia/.m2/repository/org/openjfx/javafx-graphics/17.0.2/javafx-graphics-17.0.2-linux.jar:/home/emilia/.m2/repository/org/openjfx/javafx-base/17.0.2/javafx-base-17.0.2.jar:/home/emilia/.m2/repository/org/openjfx/javafx-base/17.0.2/javafx-base-17.0.2-linux.jar:/home/emilia/.m2/repository/org/openjfx/javafx-fxml/17.0.2/javafx-fxml-17.0.2.jar:/home/emilia/.m2/repository/org/openjfx/javafx-fxml/17.0.2/javafx-fxml-17.0.2-linux.jar:/home/emilia/.m2/repository/org/controlsfx/controlsfx/11.1.1/controlsfx-11.1.1.jar:"/>
    <property name="sun.cpu.endian" value="little"/>
    <property name="user.home" value="/home/emilia"/>
    <property name="user.language" value="en"/>
    <property name="java.specification.vendor" value="Oracle Corporation"/>
    <property name="java.version.date" value="2023-08-24"/>
    <property name="java.home" value="/usr/lib/jvm/java-17-openjdk-amd64"/>
    <property name="file.separator" value="/"/>
    <property name="basedir" value="/home/emilia/Desktop/Algo3/TP/algo3-tp/Pokemon"/>
    <property name="java.vm.compressedOopsMode" value="32-bit"/>
    <property name="line.separator" value="&#10;"/>
    <property name="java.vm.specification.vendor" value="Oracle Corporation"/>
    <property name="java.specification.name" value="Java Platform API Specification"/>
    <property name="surefire.real.class.path" value="/home/emilia/Desktop/Algo3/TP/algo3-tp/Pokemon/target/surefire/surefirebooter5776097494243301777.jar"/>
    <property name="sun.management.compiler" value="HotSpot 64-Bit Tiered Compilers"/>
    <property name="java.runtime.version" value="17.0.8.1+1-Ubuntu-0ubuntu122.04"/>
    <property name="user.name" value="emilia"/>
    <property name="path.separator" value=":"/>
    <property name="os.version" value="6.2.0-36-generic"/>
    <property name="java.runtime.name" value="OpenJDK Runtime Environment"/>
    <property name="file.encoding" value="UTF-8"/>
    <property name="java.vm.name" value="OpenJDK 64-Bit Server VM"/>
    <property name="localRepository" value="/home/emilia/.m2/repository"/>
    <property name="java.vendor.url.bug" value="Unknown"/>
    <property name="java.io.tmpdir" value="/tmp"/>
    <property name="java.version" value="17.0.8.1"/>
    <property name="user.dir" value="/home/emilia/Desktop/Algo3/TP/algo3-tp/Pokemon"/>
    <property name="os.arch" value="amd64"/>
    <property name="java.vm.specification.name" value="Java Virtual Machine Specification"/>
    <property name="native.encoding" value="UTF-8"/>
    <property name="java.library.path" value="/usr/java/packages/lib:/usr/lib/x86_64-linux-gnu/jni:/lib/x86_64-linux-gnu:/usr/lib/x86_64-linux-gnu:/usr/lib/jni:/lib:/usr/lib"/>
    <property name="java.vm.info" value="mixed mode, sharing"/>
    <property name="java.vendor" value="Private Build"/>
    <property name="java.vm.version" value="17.0.8.1+1-Ubuntu-0ubuntu122.04"/>
    <property name="sun.io.unicode.encoding" value="UnicodeLittle"/>
    <property name="java.class.version" value="61.0"/>
  </properties>
  <testcase name="dejaDeEstarConfundidoTest" classname="unitarios.modeloTest.EstadoConfundidoTest" time="0.082"/>
  <testcase name="aplicarEfectoValidarPrimerTurnoTest" classname="unitarios.modeloTest.EstadoConfundidoTest" time="0.003"/>
  <testcase name="aplicarEfectoNoValidoTest" classname="unitarios.modeloTest.EstadoConfundidoTest" time="0.013"/>
  <testcase name="usarHabilidadAutolesionaTest" classname="unitarios.modeloTest.EstadoConfundidoTest" time="0.048"/>
  <testcase name="usarHabilidadNoAutolesionaTest" classname="unitarios.modeloTest.EstadoConfundidoTest" time="0.008"/>
</testsuite>